TN:
SF:C:\Users\USER\Desktop\ANDELA 2\propertypro--lite\server/app.js
FN:16,(anonymous_0)
FN:18,(anonymous_1)
FN:26,(anonymous_2)
FNF:3
FNH:2
FNDA:0,(anonymous_0)
FNDA:9,(anonymous_1)
FNDA:1,(anonymous_2)
DA:2,1
DA:3,1
DA:4,1
DA:5,1
DA:6,1
DA:7,1
DA:9,1
DA:10,1
DA:11,1
DA:12,1
DA:13,1
DA:14,1
DA:15,1
DA:16,1
DA:18,1
DA:19,9
DA:25,1
DA:26,1
DA:27,1
DA:30,1
LF:20
LH:20
BRDA:25,0,0,1
BRDA:25,0,1,1
BRF:2
BRH:2
end_of_record
TN:
SF:C:\Users\USER\Desktop\ANDELA 2\propertypro--lite\server\controller/propertyController.js
FNF:0
FNH:0
DA:4,1
DA:5,1
DA:33,0
DA:34,0
DA:41,1
LF:5
LH:3
BRF:0
BRH:0
end_of_record
TN:
SF:C:\Users\USER\Desktop\ANDELA 2\propertypro--lite\server\controller/userController.js
FN:27,(anonymous_5)
FN:54,(anonymous_10)
FNF:2
FNH:1
FNDA:0,(anonymous_5)
FNDA:5,(anonymous_10)
DA:3,1
DA:4,1
DA:5,1
DA:27,0
DA:33,0
DA:34,0
DA:54,5
DA:58,2
DA:65,2
DA:73,1
LF:10
LH:7
BRF:0
BRH:0
end_of_record
TN:
SF:C:\Users\USER\Desktop\ANDELA 2\propertypro--lite\server\helper\imageupload/index.js
FN:30,(anonymous_5)
FNF:1
FNH:0
FNDA:0,(anonymous_5)
DA:1,1
DA:2,1
DA:4,1
DA:31,0
DA:32,0
DA:53,1
LF:6
LH:4
BRF:0
BRH:0
end_of_record
TN:
SF:C:\Users\USER\Desktop\ANDELA 2\propertypro--lite\server\helper\messages/validationMessages.js
FNF:0
FNH:0
DA:3,1
DA:4,1
DA:5,1
DA:6,1
DA:7,1
DA:8,1
DA:9,1
DA:10,1
DA:11,1
DA:12,1
DA:13,1
DA:14,1
DA:15,1
DA:16,1
DA:17,1
DA:18,1
LF:16
LH:16
BRF:0
BRH:0
end_of_record
TN:
SF:C:\Users\USER\Desktop\ANDELA 2\propertypro--lite\server\helper\passwordManager/index.js
FN:14,hashPassword
FN:25,verifyPassword
FNF:2
FNH:1
FNDA:0,hashPassword
FNDA:2,verifyPassword
DA:1,1
DA:15,0
DA:26,2
DA:30,1
LF:4
LH:3
BRF:0
BRH:0
end_of_record
TN:
SF:C:\Users\USER\Desktop\ANDELA 2\propertypro--lite\server\helper\response/index.js
FNF:0
FNH:0
DA:23,2
DA:30,7
DA:38,1
LF:3
LH:3
BRF:0
BRH:0
end_of_record
TN:
SF:C:\Users\USER\Desktop\ANDELA 2\propertypro--lite\server\middleware\authMiddleware/authMiddleware.js
FN:25,(anonymous_5)
FN:47,(anonymous_10)
FNF:2
FNH:2
FNDA:17,(anonymous_5)
FNDA:10,(anonymous_10)
DA:2,1
DA:3,1
DA:25,17
DA:29,7
DA:47,10
DA:58,1
LF:6
LH:6
BRDA:20,0,0,8
BRDA:20,0,1,0
BRDA:20,0,2,0
BRF:3
BRH:1
end_of_record
TN:
SF:C:\Users\USER\Desktop\ANDELA 2\propertypro--lite\server\middleware\validation/accountValidation.js
FN:27,agentChecker
FNF:1
FNH:1
FNDA:7,agentChecker
DA:5,1
DA:6,1
DA:37,7
DA:38,7
DA:41,1
LF:5
LH:5
BRDA:38,0,0,6
BRDA:38,0,1,1
BRF:2
BRH:2
end_of_record
TN:
SF:C:\Users\USER\Desktop\ANDELA 2\propertypro--lite\server\middleware\validation/dovalidation.js
FN:7,email
FN:18,password
FN:26,userName
FN:44,phoneNumber
FN:56,id
FN:65,accountType
FN:74,price
FN:83,type
FN:91,isAdmin
FN:100,address
FN:118,status
FNF:11
FNH:5
FNDA:2,email
FNDA:2,password
FNDA:0,userName
FNDA:0,phoneNumber
FNDA:0,id
FNDA:0,accountType
FNDA:2,price
FNDA:6,type
FNDA:0,isAdmin
FNDA:5,address
FNDA:0,status
DA:1,1
DA:2,1
DA:3,1
DA:8,2
DA:10,2
DA:11,2
DA:12,2
DA:13,0
DA:15,2
DA:19,2
DA:20,2
DA:21,0
DA:23,2
DA:26,0
DA:27,0
DA:28,0
DA:29,0
DA:31,0
DA:32,0
DA:34,0
DA:35,0
DA:36,0
DA:38,0
DA:39,0
DA:41,0
DA:45,0
DA:46,0
DA:47,0
DA:49,0
DA:50,0
DA:51,0
DA:53,0
DA:57,0
DA:58,0
DA:59,0
DA:60,0
DA:62,0
DA:66,0
DA:67,0
DA:68,0
DA:69,0
DA:71,0
DA:75,2
DA:76,2
DA:77,2
DA:78,1
DA:80,1
DA:84,6
DA:85,6
DA:86,1
DA:88,5
DA:92,0
DA:93,0
DA:94,0
DA:95,0
DA:97,0
DA:100,5
DA:101,5
DA:102,5
DA:103,4
DA:104,3
DA:105,2
DA:106,2
DA:107,0
DA:109,2
DA:110,0
DA:115,2
DA:119,0
DA:120,0
DA:121,0
DA:122,0
DA:124,0
DA:128,1
LF:73
LH:30
BRDA:10,0,0,0
BRDA:10,0,1,2
BRDA:12,1,0,0
BRDA:12,1,1,2
BRDA:20,2,0,0
BRDA:20,2,1,2
BRDA:28,3,0,0
BRDA:28,3,1,0
BRDA:31,4,0,0
BRDA:31,4,1,0
BRDA:35,5,0,0
BRDA:35,5,1,0
BRDA:38,6,0,0
BRDA:38,6,1,0
BRDA:46,7,0,0
BRDA:46,7,1,0
BRDA:50,8,0,0
BRDA:50,8,1,0
BRDA:59,9,0,0
BRDA:59,9,1,0
BRDA:68,10,0,0
BRDA:68,10,1,0
BRDA:77,11,0,1
BRDA:77,11,1,1
BRDA:85,12,0,1
BRDA:85,12,1,5
BRDA:94,13,0,0
BRDA:94,13,1,0
BRDA:102,14,0,1
BRDA:102,14,1,4
BRDA:103,15,0,1
BRDA:103,15,1,3
BRDA:104,16,0,1
BRDA:104,16,1,2
BRDA:106,17,0,0
BRDA:106,17,1,2
BRDA:109,18,0,0
BRDA:109,18,1,2
BRDA:121,19,0,0
BRDA:121,19,1,0
BRF:40
BRH:15
end_of_record
TN:
SF:C:\Users\USER\Desktop\ANDELA 2\propertypro--lite\server\middleware\validation/regularExpressions.js
FN:7,validate
FNF:1
FNH:1
FNDA:6,validate
DA:8,6
DA:22,1
LF:2
LH:2
BRF:0
BRH:0
end_of_record
TN:
SF:C:\Users\USER\Desktop\ANDELA 2\propertypro--lite\server\model/property.js
FNF:0
FNH:0
DA:2,1
DA:132,1
LF:2
LH:2
BRF:0
BRH:0
end_of_record
TN:
SF:C:\Users\USER\Desktop\ANDELA 2\propertypro--lite\server\model/users.js
FNF:0
FNH:0
DA:1,1
DA:96,1
LF:2
LH:2
BRF:0
BRH:0
end_of_record
TN:
SF:C:\Users\USER\Desktop\ANDELA 2\propertypro--lite\server\route/index.js
FN:7,(anonymous_0)
FNF:1
FNH:1
FNDA:1,(anonymous_0)
DA:1,1
DA:2,1
DA:3,1
DA:5,1
DA:7,1
DA:8,1
DA:13,1
DA:14,1
DA:15,1
LF:9
LH:9
BRF:0
BRH:0
end_of_record
TN:
SF:C:\Users\USER\Desktop\ANDELA 2\propertypro--lite\server\route\api/property.js
FNF:0
FNH:0
DA:2,1
DA:5,1
DA:6,1
DA:9,1
DA:10,1
DA:11,1
DA:15,1
DA:16,1
DA:25,1
LF:9
LH:9
BRF:0
BRH:0
end_of_record
TN:
SF:C:\Users\USER\Desktop\ANDELA 2\propertypro--lite\server\route\api/user.js
FNF:0
FNH:0
DA:2,1
DA:5,1
DA:6,1
DA:10,1
DA:13,1
DA:24,1
DA:31,1
LF:7
LH:7
BRF:0
BRH:0
end_of_record
TN:
SF:C:\Users\USER\Desktop\ANDELA 2\propertypro--lite\server\spec/test.js
FN:8,(anonymous_0)
FN:9,(anonymous_1)
FN:10,(anonymous_2)
FN:13,(anonymous_3)
FN:19,(anonymous_4)
FN:22,(anonymous_5)
FNF:6
FNH:6
FNDA:1,(anonymous_0)
FNDA:1,(anonymous_1)
FNDA:1,(anonymous_2)
FNDA:1,(anonymous_3)
FNDA:1,(anonymous_4)
FNDA:1,(anonymous_5)
DA:1,1
DA:2,1
DA:3,1
DA:5,1
DA:6,1
DA:8,1
DA:9,1
DA:10,1
DA:11,1
DA:14,1
DA:15,1
DA:16,1
DA:19,1
DA:20,1
DA:23,1
DA:24,1
DA:25,1
LF:17
LH:17
BRF:0
BRH:0
end_of_record
